Traceback (most recent call last):
Traceback (most recent call last):
Traceback (most recent call last):
  File "driver_Mod7_SBM.py", line 268, in <module>
  File "driver_Mod7_SBM.py", line 268, in <module>
Traceback (most recent call last):
  File "driver_Mod7_SBM.py", line 268, in <module>
Traceback (most recent call last):
Traceback (most recent call last):
Traceback (most recent call last):
  File "driver_Mod7_SBM.py", line 268, in <module>
  File "driver_Mod7_SBM.py", line 268, in <module>
  File "driver_Mod7_SBM.py", line 268, in <module>
  File "driver_Mod7_SBM.py", line 268, in <module>
Traceback (most recent call last):
Traceback (most recent call last):
Traceback (most recent call last):
  File "driver_Mod7_SBM.py", line 268, in <module>
Traceback (most recent call last):
  File "driver_Mod7_SBM.py", line 268, in <module>
Traceback (most recent call last):
  File "driver_Mod7_SBM.py", line 268, in <module>
  File "driver_Mod7_SBM.py", line 268, in <module>
Traceback (most recent call last):
Traceback (most recent call last):
  File "driver_Mod7_SBM.py", line 268, in <module>
  File "driver_Mod7_SBM.py", line 268, in <module>
    main(params)
  File "driver_Mod7_SBM.py", line 91, in main
    lstm.to_gpu(GPU_id)
    main(params)
  File "/sw/bw/bwpy/0.3.0/python-single/usr/lib/python2.7/site-packages/chainer/link.py", line 537, in to_gpu
  File "driver_Mod7_SBM.py", line 91, in main
    main(params)
  File "driver_Mod7_SBM.py", line 91, in main
    lstm.to_gpu(GPU_id)
Traceback (most recent call last):
  File "driver_Mod7_SBM.py", line 268, in <module>
  File "driver_Mod7_SBM.py", line 268, in <module>
  File "/sw/bw/bwpy/0.3.0/python-single/usr/lib/python2.7/site-packages/chainer/link.py", line 537, in to_gpu
    main(params)
    lstm.to_gpu(GPU_id)
  File "/sw/bw/bwpy/0.3.0/python-single/usr/lib/python2.7/site-packages/chainer/link.py", line 537, in to_gpu
  File "driver_Mod7_SBM.py", line 91, in main
    main(params)
    main(params)
    main(params)
  File "driver_Mod7_SBM.py", line 91, in main
  File "driver_Mod7_SBM.py", line 91, in main
  File "driver_Mod7_SBM.py", line 91, in main
    main(params)
    main(params)
  File "driver_Mod7_SBM.py", line 91, in main
  File "driver_Mod7_SBM.py", line 91, in main
    lstm.to_gpu(GPU_id)
    lstm.to_gpu(GPU_id)
    lstm.to_gpu(GPU_id)
  File "/sw/bw/bwpy/0.3.0/python-single/usr/lib/python2.7/site-packages/chainer/link.py", line 537, in to_gpu
      File "/sw/bw/bwpy/0.3.0/python-single/usr/lib/python2.7/site-packages/chainer/link.py", line 537, in to_gpu
lstm.to_gpu(GPU_id)
  File "/sw/bw/bwpy/0.3.0/python-single/usr/lib/python2.7/site-packages/chainer/link.py", line 537, in to_gpu
      File "/sw/bw/bwpy/0.3.0/python-single/usr/lib/python2.7/site-packages/chainer/link.py", line 537, in to_gpu
main(params)
    lstm.to_gpu(GPU_id)
  File "/sw/bw/bwpy/0.3.0/python-single/usr/lib/python2.7/site-packages/chainer/link.py", line 537, in to_gpu
  File "driver_Mod7_SBM.py", line 91, in main
    lstm.to_gpu(GPU_id)
  File "/sw/bw/bwpy/0.3.0/python-single/usr/lib/python2.7/site-packages/chainer/link.py", line 537, in to_gpu
    lstm.to_gpu(GPU_id)
  File "/sw/bw/bwpy/0.3.0/python-single/usr/lib/python2.7/site-packages/chainer/link.py", line 537, in to_gpu
    main(params)
  File "driver_Mod7_SBM.py", line 91, in main
    main(params)
    lstm.to_gpu(GPU_id)
    main(params)
  File "driver_Mod7_SBM.py", line 91, in main
    lstm.to_gpu(GPU_id)
  File "/sw/bw/bwpy/0.3.0/python-single/usr/lib/python2.7/site-packages/chainer/link.py", line 537, in to_gpu
  File "driver_Mod7_SBM.py", line 91, in main
    lstm.to_gpu(GPU_id)
  File "/sw/bw/bwpy/0.3.0/python-single/usr/lib/python2.7/site-packages/chainer/link.py", line 537, in to_gpu
    main(params)
  File "/sw/bw/bwpy/0.3.0/python-single/usr/lib/python2.7/site-packages/chainer/link.py", line 537, in to_gpu
  File "driver_Mod7_SBM.py", line 91, in main
            d[name].to_gpu()
d[name].to_gpu()
d[name].to_gpu()
    lstm.to_gpu(GPU_id)
    main(params)
  File "/sw/bw/bwpy/0.3.0/python-single/usr/lib/python2.7/site-packages/chainer/link.py", line 537, in to_gpu
    d[name].to_gpu()
  File "driver_Mod7_SBM.py", line 91, in main
    d[name].to_gpu()
  File "/sw/bw/bwpy/0.3.0/python-single/usr/lib/python2.7/site-packages/chainer/link.py", line 274, in to_gpu
  File "/sw/bw/bwpy/0.3.0/python-single/usr/lib/python2.7/site-packages/chainer/link.py", line 274, in to_gpu
  File "/sw/bw/bwpy/0.3.0/python-single/usr/lib/python2.7/site-packages/chainer/link.py", line 274, in to_gpu
  File "/sw/bw/bwpy/0.3.0/python-single/usr/lib/python2.7/site-packages/chainer/link.py", line 274, in to_gpu
  File "/sw/bw/bwpy/0.3.0/python-single/usr/lib/python2.7/site-packages/chainer/link.py", line 274, in to_gpu
    lstm.to_gpu(GPU_id)
    d[name].to_gpu()
    d[name].to_gpu()
  File "/sw/bw/bwpy/0.3.0/python-single/usr/lib/python2.7/site-packages/chainer/link.py", line 274, in to_gpu
          File "/sw/bw/bwpy/0.3.0/python-single/usr/lib/python2.7/site-packages/chainer/variable.py", line 224, in to_gpu
        d[name].to_gpu()
    d[name].to_gpu()
d[name].to_gpu()
    d[name].to_gpu()
d[name].to_gpu()
d[name].to_gpu()
  File "/sw/bw/bwpy/0.3.0/python-single/usr/lib/python2.7/site-packages/chainer/variable.py", line 224, in to_gpu
  File "/sw/bw/bwpy/0.3.0/python-single/usr/lib/python2.7/site-packages/chainer/variable.py", line 224, in to_gpu
  File "/sw/bw/bwpy/0.3.0/python-single/usr/lib/python2.7/site-packages/chainer/link.py", line 274, in to_gpu
  File "/sw/bw/bwpy/0.3.0/python-single/usr/lib/python2.7/site-packages/chainer/link.py", line 274, in to_gpu
  File "/sw/bw/bwpy/0.3.0/python-single/usr/lib/python2.7/site-packages/chainer/link.py", line 274, in to_gpu
  File "/sw/bw/bwpy/0.3.0/python-single/usr/lib/python2.7/site-packages/chainer/variable.py", line 224, in to_gpu
  File "/sw/bw/bwpy/0.3.0/python-single/usr/lib/python2.7/site-packages/chainer/link.py", line 537, in to_gpu
        d[name].to_gpu()
d[name].to_gpu()
  File "/sw/bw/bwpy/0.3.0/python-single/usr/lib/python2.7/site-packages/chainer/variable.py", line 224, in to_gpu
  File "/sw/bw/bwpy/0.3.0/python-single/usr/lib/python2.7/site-packages/chainer/link.py", line 274, in to_gpu
    d[name].to_gpu()
  File "/sw/bw/bwpy/0.3.0/python-single/usr/lib/python2.7/site-packages/chainer/variable.py", line 224, in to_gpu
    d[name].to_gpu()
  File "/sw/bw/bwpy/0.3.0/python-single/usr/lib/python2.7/site-packages/chainer/variable.py", line 224, in to_gpu
        d[name].to_gpu()
d[name].to_gpu()
  File "/sw/bw/bwpy/0.3.0/python-single/usr/lib/python2.7/site-packages/chainer/variable.py", line 224, in to_gpu
  File "/sw/bw/bwpy/0.3.0/python-single/usr/lib/python2.7/site-packages/chainer/variable.py", line 224, in to_gpu
    d[name].to_gpu()
    d[name].to_gpu()
  File "/sw/bw/bwpy/0.3.0/python-single/usr/lib/python2.7/site-packages/chainer/link.py", line 274, in to_gpu
  File "/sw/bw/bwpy/0.3.0/python-single/usr/lib/python2.7/site-packages/chainer/variable.py", line 224, in to_gpu
    d[name].to_gpu()
    d[name].to_gpu()
  File "/sw/bw/bwpy/0.3.0/python-single/usr/lib/python2.7/site-packages/chainer/variable.py", line 224, in to_gpu
  File "/sw/bw/bwpy/0.3.0/python-single/usr/lib/python2.7/site-packages/chainer/link.py", line 274, in to_gpu
    d[name].to_gpu()
    d[name].to_gpu()
  File "/sw/bw/bwpy/0.3.0/python-single/usr/lib/python2.7/site-packages/chainer/variable.py", line 224, in to_gpu
  File "/sw/bw/bwpy/0.3.0/python-single/usr/lib/python2.7/site-packages/chainer/link.py", line 274, in to_gpu
    d[name].to_gpu()
  File "/sw/bw/bwpy/0.3.0/python-single/usr/lib/python2.7/site-packages/chainer/link.py", line 274, in to_gpu
    d[name].to_gpu()
    d[name].to_gpu()
  File "/sw/bw/bwpy/0.3.0/python-single/usr/lib/python2.7/site-packages/chainer/variable.py", line 224, in to_gpu
  File "/sw/bw/bwpy/0.3.0/python-single/usr/lib/python2.7/site-packages/chainer/variable.py", line 224, in to_gpu
    d[name].to_gpu()
  File "/sw/bw/bwpy/0.3.0/python-single/usr/lib/python2.7/site-packages/chainer/link.py", line 274, in to_gpu
    d[name].to_gpu()
  File "/sw/bw/bwpy/0.3.0/python-single/usr/lib/python2.7/site-packages/chainer/variable.py", line 224, in to_gpu
            self.data = cuda.to_gpu(self.data)
        self.data = cuda.to_gpu(self.data)
        self.data = cuda.to_gpu(self.data)
self.data = cuda.to_gpu(self.data)
        self.data = cuda.to_gpu(self.data)
    self.data = cuda.to_gpu(self.data)
    self.data = cuda.to_gpu(self.data)
  File "/sw/bw/bwpy/0.3.0/python-single/usr/lib/python2.7/site-packages/chainer/cuda.py", line 217, in to_gpu
  File "/sw/bw/bwpy/0.3.0/python-single/usr/lib/python2.7/site-packages/chainer/cuda.py", line 217, in to_gpu
  File "/sw/bw/bwpy/0.3.0/python-single/usr/lib/python2.7/site-packages/chainer/cuda.py", line 217, in to_gpu
self.data = cuda.to_gpu(self.data)
      File "/sw/bw/bwpy/0.3.0/python-single/usr/lib/python2.7/site-packages/chainer/cuda.py", line 217, in to_gpu
self.data = cuda.to_gpu(self.data)
  File "/sw/bw/bwpy/0.3.0/python-single/usr/lib/python2.7/site-packages/chainer/cuda.py", line 217, in to_gpu
self.data = cuda.to_gpu(self.data)
    self.data = cuda.to_gpu(self.data)
  File "/sw/bw/bwpy/0.3.0/python-single/usr/lib/python2.7/site-packages/chainer/cuda.py", line 217, in to_gpu
self.data = cuda.to_gpu(self.data)
    self.data = cuda.to_gpu(self.data)
  File "/sw/bw/bwpy/0.3.0/python-single/usr/lib/python2.7/site-packages/chainer/cuda.py", line 217, in to_gpu
  File "/sw/bw/bwpy/0.3.0/python-single/usr/lib/python2.7/site-packages/chainer/cuda.py", line 217, in to_gpu
  File "/sw/bw/bwpy/0.3.0/python-single/usr/lib/python2.7/site-packages/chainer/cuda.py", line 217, in to_gpu
  File "/sw/bw/bwpy/0.3.0/python-single/usr/lib/python2.7/site-packages/chainer/cuda.py", line 217, in to_gpu
self.data = cuda.to_gpu(self.data)
      File "/sw/bw/bwpy/0.3.0/python-single/usr/lib/python2.7/site-packages/chainer/cuda.py", line 217, in to_gpu
self.data = cuda.to_gpu(self.data)
  File "/sw/bw/bwpy/0.3.0/python-single/usr/lib/python2.7/site-packages/chainer/cuda.py", line 217, in to_gpu
  File "/sw/bw/bwpy/0.3.0/python-single/usr/lib/python2.7/site-packages/chainer/cuda.py", line 217, in to_gpu
  File "/sw/bw/bwpy/0.3.0/python-single/usr/lib/python2.7/site-packages/chainer/cuda.py", line 217, in to_gpu
            return cupy.asarray(array)
return cupy.asarray(array)
return cupy.asarray(array)
  File "/sw/bw/bwpy/0.3.0/python-single/usr/lib/python2.7/site-packages/cupy/creation/from_data.py", line 47, in asarray
  File "/sw/bw/bwpy/0.3.0/python-single/usr/lib/python2.7/site-packages/cupy/creation/from_data.py", line 47, in asarray
  File "/sw/bw/bwpy/0.3.0/python-single/usr/lib/python2.7/site-packages/chainer/cuda.py", line 217, in to_gpu
  File "/sw/bw/bwpy/0.3.0/python-single/usr/lib/python2.7/site-packages/cupy/creation/from_data.py", line 47, in asarray
    return cupy.asarray(array)
  File "/sw/bw/bwpy/0.3.0/python-single/usr/lib/python2.7/site-packages/cupy/creation/from_data.py", line 47, in asarray
    return cupy.asarray(array)
  File "/sw/bw/bwpy/0.3.0/python-single/usr/lib/python2.7/site-packages/cupy/creation/from_data.py", line 47, in asarray
    return cupy.asarray(array)
  File "/sw/bw/bwpy/0.3.0/python-single/usr/lib/python2.7/site-packages/cupy/creation/from_data.py", line 47, in asarray
    return cupy.asarray(array)
  File "/sw/bw/bwpy/0.3.0/python-single/usr/lib/python2.7/site-packages/cupy/creation/from_data.py", line 47, in asarray
    return cupy.asarray(array)
  File "/sw/bw/bwpy/0.3.0/python-single/usr/lib/python2.7/site-packages/cupy/creation/from_data.py", line 47, in asarray
    return cupy.asarray(array)
  File "/sw/bw/bwpy/0.3.0/python-single/usr/lib/python2.7/site-packages/cupy/creation/from_data.py", line 47, in asarray
    return cupy.asarray(array)
  File "/sw/bw/bwpy/0.3.0/python-single/usr/lib/python2.7/site-packages/cupy/creation/from_data.py", line 47, in asarray
    return cupy.asarray(array)
  File "/sw/bw/bwpy/0.3.0/python-single/usr/lib/python2.7/site-packages/cupy/creation/from_data.py", line 47, in asarray
    return cupy.asarray(array)
    return cupy.asarray(array)
  File "/sw/bw/bwpy/0.3.0/python-single/usr/lib/python2.7/site-packages/cupy/creation/from_data.py", line 47, in asarray
  File "/sw/bw/bwpy/0.3.0/python-single/usr/lib/python2.7/site-packages/cupy/creation/from_data.py", line 47, in asarray
    return cupy.asarray(array)
  File "/sw/bw/bwpy/0.3.0/python-single/usr/lib/python2.7/site-packages/cupy/creation/from_data.py", line 47, in asarray
    return cupy.asarray(array)
  File "/sw/bw/bwpy/0.3.0/python-single/usr/lib/python2.7/site-packages/cupy/creation/from_data.py", line 47, in asarray
        return cupy.array(a, dtype=dtype, copy=False)
return cupy.array(a, dtype=dtype, copy=False)
        return cupy.array(a, dtype=dtype, copy=False)
return cupy.array(a, dtype=dtype, copy=False)
    return cupy.array(a, dtype=dtype, copy=False)
  File "/sw/bw/bwpy/0.3.0/python-single/usr/lib/python2.7/site-packages/cupy/creation/from_data.py", line 27, in array
  File "/sw/bw/bwpy/0.3.0/python-single/usr/lib/python2.7/site-packages/cupy/creation/from_data.py", line 27, in array
  File "/sw/bw/bwpy/0.3.0/python-single/usr/lib/python2.7/site-packages/cupy/creation/from_data.py", line 27, in array
  File "/sw/bw/bwpy/0.3.0/python-single/usr/lib/python2.7/site-packages/cupy/creation/from_data.py", line 27, in array
  File "/sw/bw/bwpy/0.3.0/python-single/usr/lib/python2.7/site-packages/cupy/creation/from_data.py", line 27, in array
    return core.array(obj, dtype, copy, ndmin)
  File "cupy/core/core.pyx", line 1401, in cupy.core.core.array (cupy/core/core.cpp:50313)
        return core.array(obj, dtype, copy, ndmin)
return core.array(obj, dtype, copy, ndmin)
    return core.array(obj, dtype, copy, ndmin)
  File "cupy/core/core.pyx", line 1401, in cupy.core.core.array (cupy/core/core.cpp:50313)
  File "cupy/core/core.pyx", line 1401, in cupy.core.core.array (cupy/core/core.cpp:50313)
  File "cupy/core/core.pyx", line 1401, in cupy.core.core.array (cupy/core/core.cpp:50313)
    return core.array(obj, dtype, copy, ndmin)
  File "cupy/core/core.pyx", line 1401, in cupy.core.core.array (cupy/core/core.cpp:50313)
    return cupy.array(a, dtype=dtype, copy=False)
  File "/sw/bw/bwpy/0.3.0/python-single/usr/lib/python2.7/site-packages/cupy/creation/from_data.py", line 27, in array
    return core.array(obj, dtype, copy, ndmin)
  File "cupy/core/core.pyx", line 1401, in cupy.core.core.array (cupy/core/core.cpp:50313)
    return cupy.array(a, dtype=dtype, copy=False)
    return cupy.array(a, dtype=dtype, copy=False)
        return cupy.array(a, dtype=dtype, copy=False)
return cupy.array(a, dtype=dtype, copy=False)
            return cupy.array(a, dtype=dtype, copy=False)
  File "/sw/bw/bwpy/0.3.0/python-single/usr/lib/python2.7/site-packages/cupy/creation/from_data.py", line 27, in array
  File "/sw/bw/bwpy/0.3.0/python-single/usr/lib/python2.7/site-packages/cupy/creation/from_data.py", line 27, in array
  File "/sw/bw/bwpy/0.3.0/python-single/usr/lib/python2.7/site-packages/cupy/creation/from_data.py", line 27, in array
  File "/sw/bw/bwpy/0.3.0/python-single/usr/lib/python2.7/site-packages/cupy/creation/from_data.py", line 27, in array
return cupy.array(a, dtype=dtype, copy=False)
return cupy.array(a, dtype=dtype, copy=False)
      File "/sw/bw/bwpy/0.3.0/python-single/usr/lib/python2.7/site-packages/cupy/creation/from_data.py", line 27, in array
return cupy.array(a, dtype=dtype, copy=False)
    return cupy.array(a, dtype=dtype, copy=False)
  File "/sw/bw/bwpy/0.3.0/python-single/usr/lib/python2.7/site-packages/cupy/creation/from_data.py", line 27, in array
  File "/sw/bw/bwpy/0.3.0/python-single/usr/lib/python2.7/site-packages/cupy/creation/from_data.py", line 27, in array
  File "/sw/bw/bwpy/0.3.0/python-single/usr/lib/python2.7/site-packages/cupy/creation/from_data.py", line 27, in array
  File "/sw/bw/bwpy/0.3.0/python-single/usr/lib/python2.7/site-packages/cupy/creation/from_data.py", line 27, in array
        return core.array(obj, dtype, copy, ndmin)
    return core.array(obj, dtype, copy, ndmin)
return core.array(obj, dtype, copy, ndmin)
        return core.array(obj, dtype, copy, ndmin)
return core.array(obj, dtype, copy, ndmin)
  File "cupy/core/core.pyx", line 1401, in cupy.core.core.array (cupy/core/core.cpp:50313)
  File "cupy/core/core.pyx", line 1401, in cupy.core.core.array (cupy/core/core.cpp:50313)
  File "cupy/core/core.pyx", line 1401, in cupy.core.core.array (cupy/core/core.cpp:50313)
      File "cupy/core/core.pyx", line 1401, in cupy.core.core.array (cupy/core/core.cpp:50313)
  File "cupy/core/core.pyx", line 1401, in cupy.core.core.array (cupy/core/core.cpp:50313)
return core.array(obj, dtype, copy, ndmin)
    return core.array(obj, dtype, copy, ndmin)
      File "cupy/core/core.pyx", line 1401, in cupy.core.core.array (cupy/core/core.cpp:50313)
return core.array(obj, dtype, copy, ndmin)
  File "cupy/core/core.pyx", line 1401, in cupy.core.core.array (cupy/core/core.cpp:50313)
  File "cupy/core/core.pyx", line 1401, in cupy.core.core.array (cupy/core/core.cpp:50313)
    return core.array(obj, dtype, copy, ndmin)
  File "cupy/core/core.pyx", line 1401, in cupy.core.core.array (cupy/core/core.cpp:50313)
  File "cupy/core/core.pyx", line 1420, in cupy.core.core.array (cupy/core/core.cpp:50065)
  File "cupy/core/core.pyx", line 1420, in cupy.core.core.array (cupy/core/core.cpp:50065)
  File "cupy/core/core.pyx", line 1420, in cupy.core.core.array (cupy/core/core.cpp:50065)
  File "cupy/core/core.pyx", line 1420, in cupy.core.core.array (cupy/core/core.cpp:50065)
  File "cupy/core/core.pyx", line 1420, in cupy.core.core.array (cupy/core/core.cpp:50065)
  File "cupy/core/core.pyx", line 1420, in cupy.core.core.array (cupy/core/core.cpp:50065)
  File "cupy/core/core.pyx", line 1420, in cupy.core.core.array (cupy/core/core.cpp:50065)
  File "cupy/core/core.pyx", line 1420, in cupy.core.core.array (cupy/core/core.cpp:50065)
  File "cupy/core/core.pyx", line 1420, in cupy.core.core.array (cupy/core/core.cpp:50065)
  File "cupy/core/core.pyx", line 1420, in cupy.core.core.array (cupy/core/core.cpp:50065)
  File "cupy/core/core.pyx", line 1420, in cupy.core.core.array (cupy/core/core.cpp:50065)
  File "cupy/core/core.pyx", line 1420, in cupy.core.core.array (cupy/core/core.cpp:50065)
  File "cupy/core/core.pyx", line 1420, in cupy.core.core.array (cupy/core/core.cpp:50065)
  File "cupy/core/core.pyx", line 1420, in cupy.core.core.array (cupy/core/core.cpp:50065)
  File "cupy/core/core.pyx", line 1420, in cupy.core.core.array (cupy/core/core.cpp:50065)
  File "cupy/core/core.pyx", line 85, in cupy.core.core.ndarray.__init__ (cupy/core/core.cpp:4875)
  File "cupy/core/core.pyx", line 85, in cupy.core.core.ndarray.__init__ (cupy/core/core.cpp:4875)
  File "cupy/core/core.pyx", line 85, in cupy.core.core.ndarray.__init__ (cupy/core/core.cpp:4875)
  File "cupy/core/core.pyx", line 85, in cupy.core.core.ndarray.__init__ (cupy/core/core.cpp:4875)
  File "cupy/core/core.pyx", line 85, in cupy.core.core.ndarray.__init__ (cupy/core/core.cpp:4875)
  File "cupy/core/core.pyx", line 85, in cupy.core.core.ndarray.__init__ (cupy/core/core.cpp:4875)
  File "cupy/core/core.pyx", line 85, in cupy.core.core.ndarray.__init__ (cupy/core/core.cpp:4875)
  File "cupy/core/core.pyx", line 85, in cupy.core.core.ndarray.__init__ (cupy/core/core.cpp:4875)
  File "cupy/core/core.pyx", line 85, in cupy.core.core.ndarray.__init__ (cupy/core/core.cpp:4875)
  File "cupy/core/core.pyx", line 85, in cupy.core.core.ndarray.__init__ (cupy/core/core.cpp:4875)
  File "cupy/core/core.pyx", line 85, in cupy.core.core.ndarray.__init__ (cupy/core/core.cpp:4875)
  File "cupy/core/core.pyx", line 85, in cupy.core.core.ndarray.__init__ (cupy/core/core.cpp:4875)
  File "cupy/core/core.pyx", line 85, in cupy.core.core.ndarray.__init__ (cupy/core/core.cpp:4875)
  File "cupy/core/core.pyx", line 85, in cupy.core.core.ndarray.__init__ (cupy/core/core.cpp:4875)
  File "cupy/cuda/memory.pyx", line 275, in cupy.cuda.memory.alloc (cupy/cuda/memory.cpp:5540)
  File "cupy/cuda/memory.pyx", line 275, in cupy.cuda.memory.alloc (cupy/cuda/memory.cpp:5540)
  File "cupy/cuda/memory.pyx", line 275, in cupy.cuda.memory.alloc (cupy/cuda/memory.cpp:5540)
  File "cupy/cuda/memory.pyx", line 275, in cupy.cuda.memory.alloc (cupy/cuda/memory.cpp:5540)
  File "cupy/core/core.pyx", line 85, in cupy.core.core.ndarray.__init__ (cupy/core/core.cpp:4875)
  File "cupy/cuda/memory.pyx", line 275, in cupy.cuda.memory.alloc (cupy/cuda/memory.cpp:5540)
  File "cupy/cuda/memory.pyx", line 275, in cupy.cuda.memory.alloc (cupy/cuda/memory.cpp:5540)
  File "cupy/cuda/memory.pyx", line 275, in cupy.cuda.memory.alloc (cupy/cuda/memory.cpp:5540)
  File "cupy/cuda/memory.pyx", line 275, in cupy.cuda.memory.alloc (cupy/cuda/memory.cpp:5540)
  File "cupy/cuda/memory.pyx", line 275, in cupy.cuda.memory.alloc (cupy/cuda/memory.cpp:5540)
  File "cupy/cuda/memory.pyx", line 275, in cupy.cuda.memory.alloc (cupy/cuda/memory.cpp:5540)
  File "cupy/cuda/memory.pyx", line 275, in cupy.cuda.memory.alloc (cupy/cuda/memory.cpp:5540)
  File "cupy/cuda/memory.pyx", line 275, in cupy.cuda.memory.alloc (cupy/cuda/memory.cpp:5540)
  File "cupy/cuda/memory.pyx", line 275, in cupy.cuda.memory.alloc (cupy/cuda/memory.cpp:5540)
  File "cupy/cuda/memory.pyx", line 275, in cupy.cuda.memory.alloc (cupy/cuda/memory.cpp:5540)
  File "cupy/cuda/memory.pyx", line 275, in cupy.cuda.memory.alloc (cupy/cuda/memory.cpp:5540)
  File "cupy/cuda/memory.pyx", line 414, in cupy.cuda.memory.MemoryPool.malloc (cupy/cuda/memory.cpp:8174)
  File "cupy/cuda/memory.pyx", line 414, in cupy.cuda.memory.MemoryPool.malloc (cupy/cuda/memory.cpp:8174)
  File "cupy/cuda/memory.pyx", line 414, in cupy.cuda.memory.MemoryPool.malloc (cupy/cuda/memory.cpp:8174)
  File "cupy/cuda/memory.pyx", line 414, in cupy.cuda.memory.MemoryPool.malloc (cupy/cuda/memory.cpp:8174)
  File "cupy/cuda/memory.pyx", line 414, in cupy.cuda.memory.MemoryPool.malloc (cupy/cuda/memory.cpp:8174)
  File "cupy/cuda/memory.pyx", line 430, in cupy.cuda.memory.MemoryPool.malloc (cupy/cuda/memory.cpp:8094)
  File "cupy/cuda/memory.pyx", line 430, in cupy.cuda.memory.MemoryPool.malloc (cupy/cuda/memory.cpp:8094)
  File "cupy/cuda/memory.pyx", line 430, in cupy.cuda.memory.MemoryPool.malloc (cupy/cuda/memory.cpp:8094)
  File "cupy/cuda/memory.pyx", line 430, in cupy.cuda.memory.MemoryPool.malloc (cupy/cuda/memory.cpp:8094)
  File "cupy/cuda/memory.pyx", line 430, in cupy.cuda.memory.MemoryPool.malloc (cupy/cuda/memory.cpp:8094)
  File "cupy/cuda/memory.pyx", line 337, in cupy.cuda.memory.SingleDeviceMemoryPool.malloc (cupy/cuda/memory.cpp:7029)
  File "cupy/cuda/memory.pyx", line 337, in cupy.cuda.memory.SingleDeviceMemoryPool.malloc (cupy/cuda/memory.cpp:7029)
  File "cupy/cuda/memory.pyx", line 337, in cupy.cuda.memory.SingleDeviceMemoryPool.malloc (cupy/cuda/memory.cpp:7029)
  File "cupy/cuda/memory.pyx", line 337, in cupy.cuda.memory.SingleDeviceMemoryPool.malloc (cupy/cuda/memory.cpp:7029)
  File "cupy/cuda/memory.pyx", line 337, in cupy.cuda.memory.SingleDeviceMemoryPool.malloc (cupy/cuda/memory.cpp:7029)
  File "cupy/cuda/memory.pyx", line 355, in cupy.cuda.memory.SingleDeviceMemoryPool.malloc (cupy/cuda/memory.cpp:6809)
  File "cupy/cuda/memory.pyx", line 355, in cupy.cuda.memory.SingleDeviceMemoryPool.malloc (cupy/cuda/memory.cpp:6809)
  File "cupy/cuda/memory.pyx", line 355, in cupy.cuda.memory.SingleDeviceMemoryPool.malloc (cupy/cuda/memory.cpp:6809)
  File "cupy/cuda/memory.pyx", line 414, in cupy.cuda.memory.MemoryPool.malloc (cupy/cuda/memory.cpp:8174)
  File "cupy/cuda/memory.pyx", line 355, in cupy.cuda.memory.SingleDeviceMemoryPool.malloc (cupy/cuda/memory.cpp:6809)
  File "cupy/cuda/memory.pyx", line 414, in cupy.cuda.memory.MemoryPool.malloc (cupy/cuda/memory.cpp:8174)
  File "cupy/cuda/memory.pyx", line 414, in cupy.cuda.memory.MemoryPool.malloc (cupy/cuda/memory.cpp:8174)
  File "cupy/cuda/memory.pyx", line 414, in cupy.cuda.memory.MemoryPool.malloc (cupy/cuda/memory.cpp:8174)
  File "cupy/cuda/memory.pyx", line 414, in cupy.cuda.memory.MemoryPool.malloc (cupy/cuda/memory.cpp:8174)
  File "cupy/cuda/memory.pyx", line 414, in cupy.cuda.memory.MemoryPool.malloc (cupy/cuda/memory.cpp:8174)
  File "cupy/cuda/memory.pyx", line 414, in cupy.cuda.memory.MemoryPool.malloc (cupy/cuda/memory.cpp:8174)
  File "cupy/cuda/memory.pyx", line 414, in cupy.cuda.memory.MemoryPool.malloc (cupy/cuda/memory.cpp:8174)
  File "cupy/cuda/memory.pyx", line 414, in cupy.cuda.memory.MemoryPool.malloc (cupy/cuda/memory.cpp:8174)
  File "cupy/cuda/memory.pyx", line 414, in cupy.cuda.memory.MemoryPool.malloc (cupy/cuda/memory.cpp:8174)
  File "cupy/cuda/memory.pyx", line 352, in cupy.cuda.memory.SingleDeviceMemoryPool.malloc (cupy/cuda/memory.cpp:6717)
  File "cupy/cuda/memory.pyx", line 352, in cupy.cuda.memory.SingleDeviceMemoryPool.malloc (cupy/cuda/memory.cpp:6717)
  File "cupy/cuda/memory.pyx", line 352, in cupy.cuda.memory.SingleDeviceMemoryPool.malloc (cupy/cuda/memory.cpp:6717)
  File "cupy/cuda/memory.pyx", line 352, in cupy.cuda.memory.SingleDeviceMemoryPool.malloc (cupy/cuda/memory.cpp:6717)
  File "cupy/cuda/memory.pyx", line 430, in cupy.cuda.memory.MemoryPool.malloc (cupy/cuda/memory.cpp:8094)
  File "cupy/cuda/memory.pyx", line 430, in cupy.cuda.memory.MemoryPool.malloc (cupy/cuda/memory.cpp:8094)
  File "cupy/cuda/memory.pyx", line 430, in cupy.cuda.memory.MemoryPool.malloc (cupy/cuda/memory.cpp:8094)
  File "cupy/cuda/memory.pyx", line 430, in cupy.cuda.memory.MemoryPool.malloc (cupy/cuda/memory.cpp:8094)
  File "cupy/cuda/memory.pyx", line 430, in cupy.cuda.memory.MemoryPool.malloc (cupy/cuda/memory.cpp:8094)
  File "cupy/cuda/memory.pyx", line 430, in cupy.cuda.memory.MemoryPool.malloc (cupy/cuda/memory.cpp:8094)
  File "cupy/cuda/memory.pyx", line 430, in cupy.cuda.memory.MemoryPool.malloc (cupy/cuda/memory.cpp:8094)
  File "cupy/cuda/memory.pyx", line 430, in cupy.cuda.memory.MemoryPool.malloc (cupy/cuda/memory.cpp:8094)
  File "cupy/cuda/memory.pyx", line 430, in cupy.cuda.memory.MemoryPool.malloc (cupy/cuda/memory.cpp:8094)
  File "cupy/cuda/memory.pyx", line 430, in cupy.cuda.memory.MemoryPool.malloc (cupy/cuda/memory.cpp:8094)
  File "cupy/cuda/memory.pyx", line 355, in cupy.cuda.memory.SingleDeviceMemoryPool.malloc (cupy/cuda/memory.cpp:6809)
  File "cupy/cuda/memory.pyx", line 255, in cupy.cuda.memory._malloc (cupy/cuda/memory.cpp:5479)
  File "cupy/cuda/memory.pyx", line 255, in cupy.cuda.memory._malloc (cupy/cuda/memory.cpp:5479)
  File "cupy/cuda/memory.pyx", line 255, in cupy.cuda.memory._malloc (cupy/cuda/memory.cpp:5479)
  File "cupy/cuda/memory.pyx", line 255, in cupy.cuda.memory._malloc (cupy/cuda/memory.cpp:5479)
  File "cupy/cuda/memory.pyx", line 337, in cupy.cuda.memory.SingleDeviceMemoryPool.malloc (cupy/cuda/memory.cpp:7029)
  File "cupy/cuda/memory.pyx", line 337, in cupy.cuda.memory.SingleDeviceMemoryPool.malloc (cupy/cuda/memory.cpp:7029)
  File "cupy/cuda/memory.pyx", line 337, in cupy.cuda.memory.SingleDeviceMemoryPool.malloc (cupy/cuda/memory.cpp:7029)
  File "cupy/cuda/memory.pyx", line 337, in cupy.cuda.memory.SingleDeviceMemoryPool.malloc (cupy/cuda/memory.cpp:7029)
  File "cupy/cuda/memory.pyx", line 337, in cupy.cuda.memory.SingleDeviceMemoryPool.malloc (cupy/cuda/memory.cpp:7029)
  File "cupy/cuda/memory.pyx", line 337, in cupy.cuda.memory.SingleDeviceMemoryPool.malloc (cupy/cuda/memory.cpp:7029)
  File "cupy/cuda/memory.pyx", line 337, in cupy.cuda.memory.SingleDeviceMemoryPool.malloc (cupy/cuda/memory.cpp:7029)
  File "cupy/cuda/memory.pyx", line 337, in cupy.cuda.memory.SingleDeviceMemoryPool.malloc (cupy/cuda/memory.cpp:7029)
  File "cupy/cuda/memory.pyx", line 337, in cupy.cuda.memory.SingleDeviceMemoryPool.malloc (cupy/cuda/memory.cpp:7029)
  File "cupy/cuda/memory.pyx", line 352, in cupy.cuda.memory.SingleDeviceMemoryPool.malloc (cupy/cuda/memory.cpp:6717)
  File "cupy/cuda/memory.pyx", line 337, in cupy.cuda.memory.SingleDeviceMemoryPool.malloc (cupy/cuda/memory.cpp:7029)
  File "cupy/cuda/memory.pyx", line 256, in cupy.cuda.memory._malloc (cupy/cuda/memory.cpp:5394)
  File "cupy/cuda/memory.pyx", line 256, in cupy.cuda.memory._malloc (cupy/cuda/memory.cpp:5394)
  File "cupy/cuda/memory.pyx", line 256, in cupy.cuda.memory._malloc (cupy/cuda/memory.cpp:5394)
  File "cupy/cuda/memory.pyx", line 256, in cupy.cuda.memory._malloc (cupy/cuda/memory.cpp:5394)
  File "cupy/cuda/memory.pyx", line 355, in cupy.cuda.memory.SingleDeviceMemoryPool.malloc (cupy/cuda/memory.cpp:6809)
  File "cupy/cuda/memory.pyx", line 355, in cupy.cuda.memory.SingleDeviceMemoryPool.malloc (cupy/cuda/memory.cpp:6809)
  File "cupy/cuda/memory.pyx", line 355, in cupy.cuda.memory.SingleDeviceMemoryPool.malloc (cupy/cuda/memory.cpp:6809)
  File "cupy/cuda/memory.pyx", line 355, in cupy.cuda.memory.SingleDeviceMemoryPool.malloc (cupy/cuda/memory.cpp:6809)
  File "cupy/cuda/memory.pyx", line 355, in cupy.cuda.memory.SingleDeviceMemoryPool.malloc (cupy/cuda/memory.cpp:6809)
  File "cupy/cuda/memory.pyx", line 355, in cupy.cuda.memory.SingleDeviceMemoryPool.malloc (cupy/cuda/memory.cpp:6809)
  File "cupy/cuda/memory.pyx", line 355, in cupy.cuda.memory.SingleDeviceMemoryPool.malloc (cupy/cuda/memory.cpp:6809)
  File "cupy/cuda/memory.pyx", line 355, in cupy.cuda.memory.SingleDeviceMemoryPool.malloc (cupy/cuda/memory.cpp:6809)
  File "cupy/cuda/memory.pyx", line 355, in cupy.cuda.memory.SingleDeviceMemoryPool.malloc (cupy/cuda/memory.cpp:6809)
  File "cupy/cuda/memory.pyx", line 255, in cupy.cuda.memory._malloc (cupy/cuda/memory.cpp:5479)
  File "cupy/cuda/memory.pyx", line 31, in cupy.cuda.memory.Memory.__init__ (cupy/cuda/memory.cpp:1413)
  File "cupy/cuda/memory.pyx", line 355, in cupy.cuda.memory.SingleDeviceMemoryPool.malloc (cupy/cuda/memory.cpp:6809)
  File "cupy/cuda/memory.pyx", line 31, in cupy.cuda.memory.Memory.__init__ (cupy/cuda/memory.cpp:1413)
  File "cupy/cuda/memory.pyx", line 352, in cupy.cuda.memory.SingleDeviceMemoryPool.malloc (cupy/cuda/memory.cpp:6717)
  File "cupy/cuda/memory.pyx", line 352, in cupy.cuda.memory.SingleDeviceMemoryPool.malloc (cupy/cuda/memory.cpp:6717)
  File "cupy/cuda/memory.pyx", line 31, in cupy.cuda.memory.Memory.__init__ (cupy/cuda/memory.cpp:1413)
  File "cupy/cuda/memory.pyx", line 31, in cupy.cuda.memory.Memory.__init__ (cupy/cuda/memory.cpp:1413)
  File "cupy/cuda/memory.pyx", line 352, in cupy.cuda.memory.SingleDeviceMemoryPool.malloc (cupy/cuda/memory.cpp:6717)
  File "cupy/cuda/memory.pyx", line 352, in cupy.cuda.memory.SingleDeviceMemoryPool.malloc (cupy/cuda/memory.cpp:6717)
  File "cupy/cuda/memory.pyx", line 352, in cupy.cuda.memory.SingleDeviceMemoryPool.malloc (cupy/cuda/memory.cpp:6717)
  File "cupy/cuda/memory.pyx", line 352, in cupy.cuda.memory.SingleDeviceMemoryPool.malloc (cupy/cuda/memory.cpp:6717)
  File "cupy/cuda/memory.pyx", line 352, in cupy.cuda.memory.SingleDeviceMemoryPool.malloc (cupy/cuda/memory.cpp:6717)
  File "cupy/cuda/memory.pyx", line 352, in cupy.cuda.memory.SingleDeviceMemoryPool.malloc (cupy/cuda/memory.cpp:6717)
  File "cupy/cuda/memory.pyx", line 352, in cupy.cuda.memory.SingleDeviceMemoryPool.malloc (cupy/cuda/memory.cpp:6717)
  File "cupy/cuda/memory.pyx", line 256, in cupy.cuda.memory._malloc (cupy/cuda/memory.cpp:5394)
  File "cupy/cuda/runtime.pyx", line 196, in cupy.cuda.runtime.malloc (cupy/cuda/runtime.cpp:3080)
  File "cupy/cuda/runtime.pyx", line 196, in cupy.cuda.runtime.malloc (cupy/cuda/runtime.cpp:3080)
  File "cupy/cuda/memory.pyx", line 255, in cupy.cuda.memory._malloc (cupy/cuda/memory.cpp:5479)
  File "cupy/cuda/memory.pyx", line 255, in cupy.cuda.memory._malloc (cupy/cuda/memory.cpp:5479)
  File "cupy/cuda/memory.pyx", line 352, in cupy.cuda.memory.SingleDeviceMemoryPool.malloc (cupy/cuda/memory.cpp:6717)
  File "cupy/cuda/runtime.pyx", line 196, in cupy.cuda.runtime.malloc (cupy/cuda/runtime.cpp:3080)
  File "cupy/cuda/runtime.pyx", line 196, in cupy.cuda.runtime.malloc (cupy/cuda/runtime.cpp:3080)
  File "cupy/cuda/memory.pyx", line 255, in cupy.cuda.memory._malloc (cupy/cuda/memory.cpp:5479)
  File "cupy/cuda/memory.pyx", line 255, in cupy.cuda.memory._malloc (cupy/cuda/memory.cpp:5479)
  File "cupy/cuda/memory.pyx", line 255, in cupy.cuda.memory._malloc (cupy/cuda/memory.cpp:5479)
  File "cupy/cuda/memory.pyx", line 255, in cupy.cuda.memory._malloc (cupy/cuda/memory.cpp:5479)
  File "cupy/cuda/memory.pyx", line 255, in cupy.cuda.memory._malloc (cupy/cuda/memory.cpp:5479)
  File "cupy/cuda/memory.pyx", line 255, in cupy.cuda.memory._malloc (cupy/cuda/memory.cpp:5479)
  File "cupy/cuda/memory.pyx", line 255, in cupy.cuda.memory._malloc (cupy/cuda/memory.cpp:5479)
  File "cupy/cuda/memory.pyx", line 31, in cupy.cuda.memory.Memory.__init__ (cupy/cuda/memory.cpp:1413)
  File "cupy/cuda/memory.pyx", line 256, in cupy.cuda.memory._malloc (cupy/cuda/memory.cpp:5394)
  File "cupy/cuda/memory.pyx", line 256, in cupy.cuda.memory._malloc (cupy/cuda/memory.cpp:5394)
  File "cupy/cuda/memory.pyx", line 256, in cupy.cuda.memory._malloc (cupy/cuda/memory.cpp:5394)
  File "cupy/cuda/memory.pyx", line 256, in cupy.cuda.memory._malloc (cupy/cuda/memory.cpp:5394)
  File "cupy/cuda/memory.pyx", line 256, in cupy.cuda.memory._malloc (cupy/cuda/memory.cpp:5394)
  File "cupy/cuda/memory.pyx", line 256, in cupy.cuda.memory._malloc (cupy/cuda/memory.cpp:5394)
  File "cupy/cuda/memory.pyx", line 256, in cupy.cuda.memory._malloc (cupy/cuda/memory.cpp:5394)
  File "cupy/cuda/memory.pyx", line 255, in cupy.cuda.memory._malloc (cupy/cuda/memory.cpp:5479)
  File "cupy/cuda/memory.pyx", line 256, in cupy.cuda.memory._malloc (cupy/cuda/memory.cpp:5394)
  File "cupy/cuda/memory.pyx", line 256, in cupy.cuda.memory._malloc (cupy/cuda/memory.cpp:5394)
  File "cupy/cuda/memory.pyx", line 31, in cupy.cuda.memory.Memory.__init__ (cupy/cuda/memory.cpp:1413)
  File "cupy/cuda/memory.pyx", line 31, in cupy.cuda.memory.Memory.__init__ (cupy/cuda/memory.cpp:1413)
  File "cupy/cuda/memory.pyx", line 31, in cupy.cuda.memory.Memory.__init__ (cupy/cuda/memory.cpp:1413)
  File "cupy/cuda/memory.pyx", line 31, in cupy.cuda.memory.Memory.__init__ (cupy/cuda/memory.cpp:1413)
  File "cupy/cuda/runtime.pyx", line 196, in cupy.cuda.runtime.malloc (cupy/cuda/runtime.cpp:3080)
  File "cupy/cuda/memory.pyx", line 31, in cupy.cuda.memory.Memory.__init__ (cupy/cuda/memory.cpp:1413)
  File "cupy/cuda/memory.pyx", line 31, in cupy.cuda.memory.Memory.__init__ (cupy/cuda/memory.cpp:1413)
  File "cupy/cuda/memory.pyx", line 31, in cupy.cuda.memory.Memory.__init__ (cupy/cuda/memory.cpp:1413)
  File "cupy/cuda/memory.pyx", line 31, in cupy.cuda.memory.Memory.__init__ (cupy/cuda/memory.cpp:1413)
  File "cupy/cuda/memory.pyx", line 31, in cupy.cuda.memory.Memory.__init__ (cupy/cuda/memory.cpp:1413)
  File "cupy/cuda/memory.pyx", line 256, in cupy.cuda.memory._malloc (cupy/cuda/memory.cpp:5394)
  File "cupy/cuda/runtime.pyx", line 196, in cupy.cuda.runtime.malloc (cupy/cuda/runtime.cpp:3080)
  File "cupy/cuda/runtime.pyx", line 196, in cupy.cuda.runtime.malloc (cupy/cuda/runtime.cpp:3080)
  File "cupy/cuda/runtime.pyx", line 196, in cupy.cuda.runtime.malloc (cupy/cuda/runtime.cpp:3080)
  File "cupy/cuda/runtime.pyx", line 196, in cupy.cuda.runtime.malloc (cupy/cuda/runtime.cpp:3080)
  File "cupy/cuda/runtime.pyx", line 196, in cupy.cuda.runtime.malloc (cupy/cuda/runtime.cpp:3080)
  File "cupy/cuda/runtime.pyx", line 196, in cupy.cuda.runtime.malloc (cupy/cuda/runtime.cpp:3080)
  File "cupy/cuda/runtime.pyx", line 196, in cupy.cuda.runtime.malloc (cupy/cuda/runtime.cpp:3080)
  File "cupy/cuda/runtime.pyx", line 196, in cupy.cuda.runtime.malloc (cupy/cuda/runtime.cpp:3080)
  File "cupy/cuda/runtime.pyx", line 196, in cupy.cuda.runtime.malloc (cupy/cuda/runtime.cpp:3080)
  File "cupy/cuda/memory.pyx", line 31, in cupy.cuda.memory.Memory.__init__ (cupy/cuda/memory.cpp:1413)
  File "cupy/cuda/runtime.pyx", line 126, in cupy.cuda.runtime.check_status (cupy/cuda/runtime.cpp:1926)
  File "cupy/cuda/runtime.pyx", line 126, in cupy.cuda.runtime.check_status (cupy/cuda/runtime.cpp:1926)
  File "cupy/cuda/runtime.pyx", line 126, in cupy.cuda.runtime.check_status (cupy/cuda/runtime.cpp:1926)
  File "cupy/cuda/runtime.pyx", line 126, in cupy.cuda.runtime.check_status (cupy/cuda/runtime.cpp:1926)
  File "cupy/cuda/runtime.pyx", line 126, in cupy.cuda.runtime.check_status (cupy/cuda/runtime.cpp:1926)
  File "cupy/cuda/runtime.pyx", line 126, in cupy.cuda.runtime.check_status (cupy/cuda/runtime.cpp:1926)
  File "cupy/cuda/runtime.pyx", line 126, in cupy.cuda.runtime.check_status (cupy/cuda/runtime.cpp:1926)
  File "cupy/cuda/runtime.pyx", line 126, in cupy.cuda.runtime.check_status (cupy/cuda/runtime.cpp:1926)
  File "cupy/cuda/runtime.pyx", line 196, in cupy.cuda.runtime.malloc (cupy/cuda/runtime.cpp:3080)
cupy.cuda.runtime.CUDARuntimeErrorcupy.cuda.runtime.: CUDARuntimeErrorcudaErrorDevicesUnavailable: all CUDA-capable devices are busy or unavailable
: cudaErrorDevicesUnavailable: all CUDA-capable devices are busy or unavailable
cupy.cuda.runtimecupy.cuda.runtime..CUDARuntimeErrorCUDARuntimeError: : cudaErrorDevicesUnavailable: all CUDA-capable devices are busy or unavailablecudaErrorDevicesUnavailable: all CUDA-capable devices are busy or unavailable

cupy.cuda.runtime.CUDARuntimeError: cudaErrorDevicesUnavailable: all CUDA-capable devices are busy or unavailable
  File "cupy/cuda/runtime.pyx", line 126, in cupy.cuda.runtime.check_status (cupy/cuda/runtime.cpp:1926)
cupy.cuda.runtime.CUDARuntimeErrorcupy.cuda.runtime: .cupy.cuda.runtimeCUDARuntimeError.cudaErrorDevicesUnavailable: all CUDA-capable devices are busy or unavailableCUDARuntimeError
: : cudaErrorDevicesUnavailable: all CUDA-capable devices are busy or unavailablecudaErrorDevicesUnavailable: all CUDA-capable devices are busy or unavailable

cupy.cuda.runtime.CUDARuntimeError: cudaErrorDevicesUnavailable: all CUDA-capable devices are busy or unavailable
  File "cupy/cuda/runtime.pyx", line 126, in cupy.cuda.runtime.check_status (cupy/cuda/runtime.cpp:1926)
cupy.cuda.runtime.CUDARuntimeError: cudaErrorDevicesUnavailable: all CUDA-capable devices are busy or unavailable
  File "cupy/cuda/runtime.pyx", line 126, in cupy.cuda.runtime.check_status (cupy/cuda/runtime.cpp:1926)
  File "cupy/cuda/runtime.pyx", line 126, in cupy.cuda.runtime.check_status (cupy/cuda/runtime.cpp:1926)
  File "cupy/cuda/runtime.pyx", line 126, in cupy.cuda.runtime.check_status (cupy/cuda/runtime.cpp:1926)
  File "cupy/cuda/runtime.pyx", line 126, in cupy.cuda.runtime.check_status (cupy/cuda/runtime.cpp:1926)
  File "cupy/cuda/runtime.pyx", line 126, in cupy.cuda.runtime.check_status (cupy/cuda/runtime.cpp:1926)
cupy.cuda.runtimecupy.cuda.runtime..CUDARuntimeErrorCUDARuntimeError: : cupy.cuda.runtimecupy.cuda.runtimecupy.cuda.runtimecudaErrorDevicesUnavailable: all CUDA-capable devices are busy or unavailable...CUDARuntimeErrorCUDARuntimeErrorCUDARuntimeError
cudaErrorDevicesUnavailable: all CUDA-capable devices are busy or unavailable: : : cudaErrorDevicesUnavailable: all CUDA-capable devices are busy or unavailablecudaErrorDevicesUnavailable: all CUDA-capable devices are busy or unavailable
cudaErrorDevicesUnavailable: all CUDA-capable devices are busy or unavailable


Traceback (most recent call last):
  File "driver_Mod7_SBM.py", line 268, in <module>
    main(params)
  File "driver_Mod7_SBM.py", line 154, in main
    l, out = lstm(input, True, True, True, output)
  File "/mnt/a/u/training/tra245/project/neuraltalk/lstm.py", line 29, in __call__
    x = F.relu(F.dropout(self.embed(cur_word_or_image), train = if_train, ratio = 0.5))
  File "/sw/bw/bwpy/0.3.0/python-single/usr/lib/python2.7/site-packages/chainer/functions/activation/relu.py", line 69, in relu
    return ReLU(use_cudnn)(x)
  File "/sw/bw/bwpy/0.3.0/python-single/usr/lib/python2.7/site-packages/chainer/function.py", line 130, in __call__
    outputs = self.forward(in_data)
  File "/sw/bw/bwpy/0.3.0/python-single/usr/lib/python2.7/site-packages/chainer/function.py", line 234, in forward
    return self.forward_gpu(inputs)
  File "/sw/bw/bwpy/0.3.0/python-single/usr/lib/python2.7/site-packages/chainer/functions/activation/relu.py", line 36, in forward_gpu
    y = cudnn.activation_forward(x[0], _mode)
  File "/sw/bw/bwpy/0.3.0/python-single/usr/lib/python2.7/site-packages/cupy/cudnn.py", line 159, in activation_forward
    x_mat = _as4darray(x)
  File "/sw/bw/bwpy/0.3.0/python-single/usr/lib/python2.7/site-packages/cupy/cudnn.py", line 148, in _as4darray
    return arr.reshape(arr.shape[0], -1, 1, 1)
  File "cupy/core/core.pyx", line 388, in cupy.core.core.ndarray.reshape (cupy/core/core.cpp:8265)
  File "cupy/core/core.pyx", line 362, in cupy.core.core.ndarray._reshape (cupy/core/core.cpp:7951)
  File "cupy/core/internal.pyx", line 129, in cupy.core.internal.infer_unknown_dimension (cupy/core/internal.cpp:2729)
ZeroDivisionError: integer division or modulo by zero
