----------------------------------------
Begin Torque Prologue on nid25353
at Tue Nov 29 23:49:44 CST 2016
Job Id:			5815552.bw
Username:		tra245
Group:			TRAIN_bacu
Job name:		neruraltalk_16cores
Requested resources:	neednodes=1:ppn=16:xk,nodes=1:ppn=16:xk,walltime=40:00:00
Queue:			normal
Account:		bacu
End Torque Prologue:  0.056 elapsed
----------------------------------------




parsed parameters:
{
  "grad_clip": 5, 
  "max_sentence_length": 40, 
  "rnn_relu_encoders": 0, 
  "dataset": "flickr8k", 
  "image_encoding_size": 256, 
  "eval_max_images": -1, 
  "drop_prob_decoder": 0.5, 
  "word_encoding_size": 256, 
  "max_epochs": 50, 
  "eval_batch_size": 100, 
  "fappend": "baseline", 
  "generator": "lstm", 
  "min_ppl_or_abort": -1, 
  "tanhC_version": 0, 
  "write_checkpoint_ppl_threshold": -1, 
  "decay_rate": 0.999, 
  "rnn_feed_once": 0, 
  "hidden_size": 256, 
  "momentum": 0.0, 
  "worker_status_output_directory": "status/", 
  "init_model_from": "", 
  "learning_rate": 0.001, 
  "checkpoint_output_directory": "cv/", 
  "do_grad_check": 0, 
  "word_count_threshold": 5, 
  "batch_size": 100, 
  "GPU": 0, 
  "regc": 1e-08, 
  "smooth_eps": 1e-08, 
  "solver": "rmsprop", 
  "eval_period": 1.0, 
  "drop_prob_encoder": 0.5
}
parsed parameters:
parsed parameters:
parsed parameters:
parsed parameters:
parsed parameters:
parsed parameters:
parsed parameters:
parsed parameters:
parsed parameters:
parsed parameters:
parsed parameters:
parsed parameters:
parsed parameters:
{
  "grad_clip": 5, 
  "max_sentence_length": 40, 
  "rnn_relu_encoders": 0, 
  "dataset": "flickr8k", 
  "image_encoding_size": 256, 
  "eval_max_images": -1, 
  "drop_prob_decoder": 0.5, 
  "word_encoding_size": 256, 
  "max_epochs": 50, 
  "eval_batch_size": 100, 
  "fappend": "baseline", 
  "generator": "lstm", 
  "min_ppl_or_abort": -1, 
  "tanhC_version": 0, 
  "write_checkpoint_ppl_threshold": -1, 
  "decay_rate": 0.999, 
  "rnn_feed_once": 0, 
  "hidden_size": 256, 
  "momentum": 0.0, 
  "worker_status_output_directory": "status/", 
  "init_model_from": "", 
  "learning_rate": 0.001, 
  "checkpoint_output_directory": "cv/", 
  "do_grad_check": 0, 
  "word_count_threshold": 5, 
  "batch_size": 100, 
  "GPU": 0, 
  "regc": 1e-08, 
  "smooth_eps": 1e-08, 
  "solver": "rmsprop", 
  "eval_period": 1.0, 
  "drop_prob_encoder": 0.5
{
  "grad_clip": 5, 
  "max_sentence_length": 40, 
  "rnn_relu_encoders": 0, 
  "dataset": "flickr8k", 
  "image_encoding_size": 256, 
  "eval_max_images": -1, 
  "drop_prob_decoder": 0.5, 
  "word_encoding_size": 256, 
  "max_epochs": 50, 
  "eval_batch_size": 100, 
  "fappend": "baseline", 
  "generator": "lstm", 
  "min_ppl_or_abort": -1, 
  "tanhC_version": 0, 
  "write_checkpoint_ppl_threshold": -1, 
  "decay_rate": 0.999, 
  "rnn_feed_once": 0, 
  "hidden_size": 256, 
  "momentum": 0.0, 
  "worker_status_output_directory": "status/", 
  "init_model_from": "", 
  "learning_rate": 0.001, 
  "checkpoint_output_directory": "cv/", 
  "do_grad_check": 0, 
  "word_count_threshold": 5, 
  "batch_size": 100, 
  "GPU": 0, 
  "regc": 1e-08, 
  "smooth_eps": 1e-08, 
  "solver": "rmsprop", 
  "eval_period": 1.0, 
  "drop_prob_encoder": 0.5
}
}
{
  "grad_clip": 5, 
  "max_sentence_length": 40, 
  "rnn_relu_encoders": 0, 
  "dataset": "flickr8k", 
  "image_encoding_size": 256, 
  "eval_max_images": -1, 
  "drop_prob_decoder": 0.5, 
  "word_encoding_size": 256, 
  "max_epochs": 50, 
  "eval_batch_size": 100, 
  "fappend": "baseline", 
  "generator": "lstm", 
  "min_ppl_or_abort": -1, 
  "tanhC_version": 0, 
  "write_checkpoint_ppl_threshold": -1, 
  "decay_rate": 0.999, 
  "rnn_feed_once": 0, 
  "hidden_size": 256, 
  "momentum": 0.0, 
  "worker_status_output_directory": "status/", 
  "init_model_from": "", 
  "learning_rate": 0.001, 
  "checkpoint_output_directory": "cv/", 
  "do_grad_check": 0, 
  "word_count_threshold": 5, 
  "batch_size": 100, 
  "GPU": 0, 
  "regc": 1e-08, 
  "smooth_eps": 1e-08, 
  "solver": "rmsprop", 
  "eval_period": 1.0, 
  "drop_prob_encoder": 0.5
{
  "grad_clip": 5, 
  "max_sentence_length": 40, 
  "rnn_relu_encoders": 0, 
  "dataset": "flickr8k", 
  "image_encoding_size": 256, 
  "eval_max_images": -1, 
  "drop_prob_decoder": 0.5, 
  "word_encoding_size": 256, 
  "max_epochs": 50, 
  "eval_batch_size": 100, 
  "fappend": "baseline", 
  "generator": "lstm", 
  "min_ppl_or_abort": -1, 
  "tanhC_version": 0, 
  "write_checkpoint_ppl_threshold": -1, 
  "decay_rate": 0.999, 
  "rnn_feed_once": 0, 
  "hidden_size": 256, 
  "momentum": 0.0, 
  "worker_status_output_directory": "status/", 
  "init_model_from": "", 
  "learning_rate": 0.001, 
  "checkpoint_output_directory": "cv/", 
  "do_grad_check": 0, 
  "word_count_threshold": 5, 
  "batch_size": 100, 
  "GPU": 0, 
  "regc": 1e-08, 
  "smooth_eps": 1e-08, 
  "solver": "rmsprop", 
  "eval_period": 1.0, 
  "drop_prob_encoder": 0.5
}
}
{
  "grad_clip": 5, 
  "max_sentence_length": 40, 
  "rnn_relu_encoders": 0, 
  "dataset": "flickr8k", 
  "image_encoding_size": 256, 
  "eval_max_images": -1, 
  "drop_prob_decoder": 0.5, 
  "word_encoding_size": 256, 
  "max_epochs": 50, 
  "eval_batch_size": 100, 
  "fappend": "baseline", 
  "generator": "lstm", 
  "min_ppl_or_abort": -1, 
  "tanhC_version": 0, 
  "write_checkpoint_ppl_threshold": -1, 
  "decay_rate": 0.999, 
  "rnn_feed_once": 0, 
  "hidden_size": 256, 
  "momentum": 0.0, 
  "worker_status_output_directory": "status/", 
  "init_model_from": "", 
  "learning_rate": 0.001, 
  "checkpoint_output_directory": "cv/", 
  "do_grad_check": 0, 
  "word_count_threshold": 5, 
  "batch_size": 100, 
  "GPU": 0, 
  "regc": 1e-08, 
  "smooth_eps": 1e-08, 
  "solver": "rmsprop", 
  "eval_period": 1.0, 
  "drop_prob_encoder": 0.5
{
  "grad_clip": 5, 
  "max_sentence_length": 40, 
  "rnn_relu_encoders": 0, 
  "dataset": "flickr8k", 
  "image_encoding_size": 256, 
  "eval_max_images": -1, 
  "drop_prob_decoder": 0.5, 
  "word_encoding_size": 256, 
  "max_epochs": 50, 
  "eval_batch_size": 100, 
  "fappend": "baseline", 
  "generator": "lstm", 
  "min_ppl_or_abort": -1, 
  "tanhC_version": 0, 
  "write_checkpoint_ppl_threshold": -1, 
  "decay_rate": 0.999, 
  "rnn_feed_once": 0, 
  "hidden_size": 256, 
  "momentum": 0.0, 
  "worker_status_output_directory": "status/", 
  "init_model_from": "", 
  "learning_rate": 0.001, 
  "checkpoint_output_directory": "cv/", 
  "do_grad_check": 0, 
  "word_count_threshold": 5, 
  "batch_size": 100, 
  "GPU": 0, 
  "regc": 1e-08, 
  "smooth_eps": 1e-08, 
  "solver": "rmsprop", 
  "eval_period": 1.0, 
  "drop_prob_encoder": 0.5
}
}
{
  "grad_clip": 5, 
  "max_sentence_length": 40, 
  "rnn_relu_encoders": 0, 
  "dataset": "flickr8k", 
  "image_encoding_size": 256, 
  "eval_max_images": -1, 
  "drop_prob_decoder": 0.5, 
  "word_encoding_size": 256, 
  "max_epochs": 50, 
  "eval_batch_size": 100, 
  "fappend": "baseline", 
  "generator": "lstm", 
  "min_ppl_or_abort": -1, 
  "tanhC_version": 0, 
  "write_checkpoint_ppl_threshold": -1, 
  "decay_rate": 0.999, 
  "rnn_feed_once": 0, 
  "hidden_size": 256, 
  "momentum": 0.0, 
  "worker_status_output_directory": "status/", 
  "init_model_from": "", 
  "learning_rate": 0.001, 
  "checkpoint_output_directory": "cv/", 
  "do_grad_check": 0, 
  "word_count_threshold": 5, 
  "batch_size": 100, 
  "GPU": 0, 
  "regc": 1e-08, 
  "smooth_eps": 1e-08, 
  "solver": "rmsprop", 
  "eval_period": 1.0, 
  "drop_prob_encoder": 0.5
}
{
  "grad_clip": 5, 
  "max_sentence_length": 40, 
  "rnn_relu_encoders": 0, 
  "dataset": "flickr8k", 
  "image_encoding_size": 256, 
  "eval_max_images": -1, 
  "drop_prob_decoder": 0.5, 
  "word_encoding_size": 256, 
  "max_epochs": 50, 
  "eval_batch_size": 100, 
  "fappend": "baseline", 
  "generator": "lstm", 
  "min_ppl_or_abort": -1, 
  "tanhC_version": 0, 
  "write_checkpoint_ppl_threshold": -1, 
  "decay_rate": 0.999, 
  "rnn_feed_once": 0, 
  "hidden_size": 256, 
  "momentum": 0.0, 
  "worker_status_output_directory": "status/", 
  "init_model_from": "", 
  "learning_rate": 0.001, 
  "checkpoint_output_directory": "cv/", 
  "do_grad_check": 0, 
  "word_count_threshold": 5, 
  "batch_size": 100, 
  "GPU": 0, 
  "regc": 1e-08, 
  "smooth_eps": 1e-08, 
  "solver": "rmsprop", 
  "eval_period": 1.0, 
  "drop_prob_encoder": 0.5
{
  "grad_clip": 5, 
  "max_sentence_length": 40, 
  "rnn_relu_encoders": 0, 
  "dataset": "flickr8k", 
  "image_encoding_size": 256, 
  "eval_max_images": -1, 
  "drop_prob_decoder": 0.5, 
  "word_encoding_size": 256, 
  "max_epochs": 50, 
  "eval_batch_size": 100, 
  "fappend": "baseline", 
  "generator": "lstm", 
  "min_ppl_or_abort": -1, 
  "tanhC_version": 0, 
  "write_checkpoint_ppl_threshold": -1, 
  "decay_rate": 0.999, 
  "rnn_feed_once": 0, 
  "hidden_size": 256, 
  "momentum": 0.0, 
  "worker_status_output_directory": "status/", 
  "init_model_from": "", 
  "learning_rate": 0.001, 
  "checkpoint_output_directory": "cv/", 
  "do_grad_check": 0, 
  "word_count_threshold": 5, 
  "batch_size": 100, 
  "GPU": 0, 
  "regc": 1e-08, 
  "smooth_eps": 1e-08, 
  "solver": "rmsprop", 
  "eval_period": 1.0, 
  "drop_prob_encoder": 0.5
}
}
{
  "grad_clip": 5, 
  "max_sentence_length": 40, 
  "rnn_relu_encoders": 0, 
  "dataset": "flickr8k", 
  "image_encoding_size": 256, 
  "eval_max_images": -1, 
  "drop_prob_decoder": 0.5, 
  "word_encoding_size": 256, 
  "max_epochs": 50, 
  "eval_batch_size": 100, 
  "fappend": "baseline", 
  "generator": "lstm", 
  "min_ppl_or_abort": -1, 
  "tanhC_version": 0, 
  "write_checkpoint_ppl_threshold": -1, 
  "decay_rate": 0.999, 
  "rnn_feed_once": 0, 
  "hidden_size": 256, 
  "momentum": 0.0, 
  "worker_status_output_directory": "status/", 
  "init_model_from": "", 
  "learning_rate": 0.001, 
  "checkpoint_output_directory": "cv/", 
  "do_grad_check": 0, 
  "word_count_threshold": 5, 
  "batch_size": 100, 
  "GPU": 0, 
  "regc": 1e-08, 
  "smooth_eps": 1e-08, 
  "solver": "rmsprop", 
  "eval_period": 1.0, 
  "drop_prob_encoder": 0.5
{
  "grad_clip": 5, 
  "max_sentence_length": 40, 
  "rnn_relu_encoders": 0, 
  "dataset": "flickr8k", 
  "image_encoding_size": 256, 
  "eval_max_images": -1, 
  "drop_prob_decoder": 0.5, 
  "word_encoding_size": 256, 
  "max_epochs": 50, 
  "eval_batch_size": 100, 
  "fappend": "baseline", 
  "generator": "lstm", 
  "min_ppl_or_abort": -1, 
  "tanhC_version": 0, 
  "write_checkpoint_ppl_threshold": -1, 
  "decay_rate": 0.999, 
  "rnn_feed_once": 0, 
  "hidden_size": 256, 
  "momentum": 0.0, 
  "worker_status_output_directory": "status/", 
  "init_model_from": "", 
  "learning_rate": 0.001, 
  "checkpoint_output_directory": "cv/", 
  "do_grad_check": 0, 
  "word_count_threshold": 5, 
  "batch_size": 100, 
  "GPU": 0, 
  "regc": 1e-08, 
  "smooth_eps": 1e-08, 
  "solver": "rmsprop", 
  "eval_period": 1.0, 
  "drop_prob_encoder": 0.5
}
}
{
  "grad_clip": 5, 
  "max_sentence_length": 40, 
  "rnn_relu_encoders": 0, 
  "dataset": "flickr8k", 
  "image_encoding_size": 256, 
  "eval_max_images": -1, 
  "drop_prob_decoder": 0.5, 
  "word_encoding_size": 256, 
  "max_epochs": 50, 
  "eval_batch_size": 100, 
  "fappend": "baseline", 
  "generator": "lstm", 
  "min_ppl_or_abort": -1, 
  "tanhC_version": 0, 
  "write_checkpoint_ppl_threshold": -1, 
  "decay_rate": 0.999, 
  "rnn_feed_once": 0, 
  "hidden_size": 256, 
  "momentum": 0.0, 
  "worker_status_output_directory": "status/", 
  "init_model_from": "", 
  "learning_rate": 0.001, 
  "checkpoint_output_directory": "cv/", 
  "do_grad_check": 0, 
  "word_count_threshold": 5, 
  "batch_size": 100, 
  "GPU": 0, 
  "regc": 1e-08, 
  "smooth_eps": 1e-08, 
  "solver": "rmsprop", 
  "eval_period": 1.0, 
  "drop_prob_encoder": 0.5
}
{
  "grad_clip": 5, 
  "max_sentence_length": 40, 
  "rnn_relu_encoders": 0, 
  "dataset": "flickr8k", 
  "image_encoding_size": 256, 
  "eval_max_images": -1, 
  "drop_prob_decoder": 0.5, 
  "word_encoding_size": 256, 
  "max_epochs": 50, 
  "eval_batch_size": 100, 
  "fappend": "baseline", 
  "generator": "lstm", 
  "min_ppl_or_abort": -1, 
  "tanhC_version": 0, 
  "write_checkpoint_ppl_threshold": -1, 
  "decay_rate": 0.999, 
  "rnn_feed_once": 0, 
  "hidden_size": 256, 
  "momentum": 0.0, 
  "worker_status_output_directory": "status/", 
  "init_model_from": "", 
  "learning_rate": 0.001, 
  "checkpoint_output_directory": "cv/", 
  "do_grad_check": 0, 
  "word_count_threshold": 5, 
  "batch_size": 100, 
  "GPU": 0, 
  "regc": 1e-08, 
  "smooth_eps": 1e-08, 
  "solver": "rmsprop", 
  "eval_period": 1.0, 
  "drop_prob_encoder": 0.5
}
parsed parameters:
{
  "grad_clip": 5, 
  "max_sentence_length": 40, 
  "rnn_relu_encoders": 0, 
  "dataset": "flickr8k", 
  "image_encoding_size": 256, 
  "eval_max_images": -1, 
  "drop_prob_decoder": 0.5, 
  "word_encoding_size": 256, 
  "max_epochs": 50, 
  "eval_batch_size": 100, 
  "fappend": "baseline", 
  "generator": "lstm", 
  "min_ppl_or_abort": -1, 
  "tanhC_version": 0, 
  "write_checkpoint_ppl_threshold": -1, 
  "decay_rate": 0.999, 
  "rnn_feed_once": 0, 
  "hidden_size": 256, 
  "momentum": 0.0, 
  "worker_status_output_directory": "status/", 
  "init_model_from": "", 
  "learning_rate": 0.001, 
  "checkpoint_output_directory": "cv/", 
  "do_grad_check": 0, 
  "word_count_threshold": 5, 
  "batch_size": 100, 
  "GPU": 0, 
  "regc": 1e-08, 
  "smooth_eps": 1e-08, 
  "solver": "rmsprop", 
  "eval_period": 1.0, 
  "drop_prob_encoder": 0.5
}
parsed parameters:
{
  "grad_clip": 5, 
  "max_sentence_length": 40, 
  "rnn_relu_encoders": 0, 
  "dataset": "flickr8k", 
  "image_encoding_size": 256, 
  "eval_max_images": -1, 
  "drop_prob_decoder": 0.5, 
  "word_encoding_size": 256, 
  "max_epochs": 50, 
  "eval_batch_size": 100, 
  "fappend": "baseline", 
  "generator": "lstm", 
  "min_ppl_or_abort": -1, 
  "tanhC_version": 0, 
  "write_checkpoint_ppl_threshold": -1, 
  "decay_rate": 0.999, 
  "rnn_feed_once": 0, 
  "hidden_size": 256, 
  "momentum": 0.0, 
  "worker_status_output_directory": "status/", 
  "init_model_from": "", 
  "learning_rate": 0.001, 
  "checkpoint_output_directory": "cv/", 
  "do_grad_check": 0, 
  "word_count_threshold": 5, 
  "batch_size": 100, 
  "GPU": 0, 
  "regc": 1e-08, 
  "smooth_eps": 1e-08, 
  "solver": "rmsprop", 
  "eval_period": 1.0, 
  "drop_prob_encoder": 0.5
}
Initializing data provider for dataset flickr8k...
Initializing data provider for dataset flickr8k...
Initializing data provider for dataset flickr8k...
Initializing data provider for dataset flickr8k...
Initializing data provider for dataset flickr8k...
Initializing data provider for dataset flickr8k...
Initializing data provider for dataset flickr8k...
Initializing data provider for dataset flickr8k...
Initializing data provider for dataset flickr8k...
BasicDataProvider: reading data/flickr8k/dataset.json
BasicDataProvider: reading data/flickr8k/dataset.json
Initializing data provider for dataset flickr8k...
Initializing data provider for dataset flickr8k...
BasicDataProvider: reading data/flickr8k/dataset.json
BasicDataProvider: reading data/flickr8k/dataset.json
Initializing data provider for dataset flickr8k...
BasicDataProvider: reading data/flickr8k/dataset.json
BasicDataProvider: reading data/flickr8k/dataset.json
Initializing data provider for dataset flickr8k...
BasicDataProvider: reading data/flickr8k/dataset.json
BasicDataProvider: reading data/flickr8k/dataset.json
BasicDataProvider: reading data/flickr8k/dataset.json
BasicDataProvider: reading data/flickr8k/dataset.json
Initializing data provider for dataset flickr8k...
BasicDataProvider: reading data/flickr8k/dataset.json
Initializing data provider for dataset flickr8k...
BasicDataProvider: reading data/flickr8k/dataset.json
Initializing data provider for dataset flickr8k...
BasicDataProvider: reading data/flickr8k/dataset.json
BasicDataProvider: reading data/flickr8k/dataset.json
BasicDataProvider: reading data/flickr8k/dataset.json
BasicDataProvider: reading data/flickr8k/dataset.json
BasicDataProvider: reading data/flickr8k/vgg_feats.mat
BasicDataProvider: reading data/flickr8k/vgg_feats.mat
BasicDataProvider: reading data/flickr8k/vgg_feats.mat
BasicDataProvider: reading data/flickr8k/vgg_feats.mat
BasicDataProvider: reading data/flickr8k/vgg_feats.mat
BasicDataProvider: reading data/flickr8k/vgg_feats.mat
BasicDataProvider: reading data/flickr8k/vgg_feats.mat
BasicDataProvider: reading data/flickr8k/vgg_feats.mat
BasicDataProvider: reading data/flickr8k/vgg_feats.mat
BasicDataProvider: reading data/flickr8k/vgg_feats.mat
BasicDataProvider: reading data/flickr8k/vgg_feats.mat
BasicDataProvider: reading data/flickr8k/vgg_feats.mat
BasicDataProvider: reading data/flickr8k/vgg_feats.mat
BasicDataProvider: reading data/flickr8k/vgg_feats.mat
BasicDataProvider: reading data/flickr8k/vgg_feats.mat
BasicDataProvider: reading data/flickr8k/vgg_feats.mat
preprocessing word counts and creating vocab based on word count threshold 5
preprocessing word counts and creating vocab based on word count threshold 5
preprocessing word counts and creating vocab based on word count threshold 5
preprocessing word counts and creating vocab based on word count threshold 5
preprocessing word counts and creating vocab based on word count threshold 5
preprocessing word counts and creating vocab based on word count threshold 5
preprocessing word counts and creating vocab based on word count threshold 5
preprocessing word counts and creating vocab based on word count threshold 5
preprocessing word counts and creating vocab based on word count threshold 5
preprocessing word counts and creating vocab based on word count threshold 5
preprocessing word counts and creating vocab based on word count threshold 5
preprocessing word counts and creating vocab based on word count threshold 5
preprocessing word counts and creating vocab based on word count threshold 5
preprocessing word counts and creating vocab based on word count threshold 5
preprocessing word counts and creating vocab based on word count threshold 5
preprocessing word counts and creating vocab based on word count threshold 5
filtered words from 7374 to 2537 in 0.34s
filtered words from 7374 to 2537 in 0.34s
filtered words from 7374 to 2537 in 0.34s
filtered words from 7374 to 2537 in 0.34s
filtered words from 7374 to 2537 in 0.34s
filtered words from 7374 to 2537 in 0.34s
filtered words from 7374 to 2537 in 0.34s
filtered words from 7374 to 2537 in 0.34s
filtered words from 7374 to 2537 in 0.34s
filtered words from 7374 to 2537 in 0.34s
filtered words from 7374 to 2537 in 0.34s
filtered words from 7374 to 2537 in 0.34s
filtered words from 7374 to 2537 in 0.34s
filtered words from 7374 to 2537 in 0.34s
filtered words from 7374 to 2537 in 0.34s
filtered words from 7374 to 2537 in 0.35s
Application 54068705 exit codes: 1
Application 54068705 resources: utime ~71s, stime ~75s, Rss ~580260, inblocks ~2403200, outblocks ~18261
